<?xml version="1.0" encoding="UTF-8"?>
<testsuite name="HelloWorldTest" tests="1" skipped="0" failures="0" errors="0" timestamp="2020-05-24T00:26:44" hostname="fedora" time="0.209">
  <properties/>
  <testcase name="helloWorldTest" classname="HelloWorldTest" time="0.209"/>
  <system-out><![CDATA[]]></system-out>
  <system-err><![CDATA[]]></system-err>
</testsuite>
